Arguments: 
  /usr/bin/node /usr/bin/yarn

PATH: 
  /usr/local/sbin:/usr/local/bin:/usr/sbin:/usr/bin:/sbin:/bin:/usr/games:/usr/local/games:/mnt/c/Program Files (x86)/Common Files/Oracle/Java/javapath:/mnt/c/Windows/System32:/mnt/c/Windows:/mnt/c/Windows/System32/wbem:/mnt/c/Windows/System32/WindowsPowerShell/v1.0:/mnt/c/Windows/System32/OpenSSH:/mnt/c/Program Files/nodejs:/mnt/c/Program Files/PuTTY:/mnt/c/Users/korbo/AppData/Local/Microsoft/WindowsApps:/mnt/c/Program Files/Bandizip:/mnt/c/Users/korbo/AppData/Local/Programs/Microsoft VS Code/bin:/mnt/c/Users/korbo/AppData/Roaming/npm:/snap/bin

Yarn version: 
  1.13.0

Node version: 
  8.12.0

Platform: 
  linux x64

Trace: 
  Error: EACCES: permission denied, scandir '/home/agrajak/.config/yarn/link'

npm manifest: 
  {
    "name": "my-inha-sugang",
    "version": "1.0.0",
    "description": "",
    "main": "index.js",
    "scripts": {
      "test": "echo \"Error: no test specified\" && exit 1"
    },
    "author": "",
    "license": "ISC"
  }

yarn manifest: 
  No manifest

Lockfile: 
  # THIS IS AN AUTOGENERATED FILE. DO NOT EDIT THIS FILE DIRECTLY.
  # yarn lockfile v1
